# JRE version: OpenJDK Runtime Environment (8.0_152-b02) (build 1.8.0_152-release-1024-b02)
# Java VM: OpenJDK 64-Bit Server VM (25.152-b02 mixed mode windows-amd64 compressed oops)
Heap:
 PSYoungGen      total 296960K, used 218366K [0x00000000e0000000, 0x00000000f7900000, 0x0000000100000000)
  eden space 263168K, 80% used [0x00000000e0000000,0x00000000ece8f850,0x00000000f0100000)
  from space 33792K, 20% used [0x00000000f0100000,0x00000000f07b0020,0x00000000f2200000)
  to   space 33792K, 0% used [0x00000000f5800000,0x00000000f5800000,0x00000000f7900000)
 ParOldGen       total 165376K, used 93913K [0x00000000a0000000, 0x00000000aa180000, 0x00000000e0000000)
  object space 165376K, 56% used [0x00000000a0000000,0x00000000a5bb66d0,0x00000000aa180000)
 Metaspace       used 70967K, capacity 73282K, committed 73472K, reserved 1114112K
  class space    used 8616K, capacity 9144K, committed 9216K, reserved 1048576K
GC Heap History (10 events):
Event: 25.395 GC heap before
{Heap before GC invocations=14 (full 3):
 PSYoungGen      total 185344K, used 13568K [0x00000000e0000000, 0x00000000f0c80000, 0x0000000100000000)
  eden space 157696K, 0% used [0x00000000e0000000,0x00000000e0000000,0x00000000e9a00000)
  from space 27648K, 49% used [0x00000000e9a00000,0x00000000ea740010,0x00000000eb500000)
  to   space 26112K, 0% used [0x00000000ef300000,0x00000000ef300000,0x00000000f0c80000)
 ParOldGen       total 96256K, used 52065K [0x00000000a0000000, 0x00000000a5e00000, 0x00000000e0000000)
  object space 96256K, 54% used [0x00000000a0000000,0x00000000a32d8648,0x00000000a5e00000)
 Metaspace       used 57147K, capacity 59024K, committed 59136K, reserved 1099776K
  class space    used 7517K, capacity 7931K, committed 7936K, reserved 1048576K
Event: 26.008 GC heap after
Heap after GC invocations=14 (full 3):
 PSYoungGen      total 185344K, used 0K [0x00000000e0000000, 0x00000000f0c80000, 0x0000000100000000)
  eden space 157696K, 0% used [0x00000000e0000000,0x00000000e0000000,0x00000000e9a00000)
  from space 27648K, 0% used [0x00000000e9a00000,0x00000000e9a00000,0x00000000eb500000)
  to   space 26112K, 0% used [0x00000000ef300000,0x00000000ef300000,0x00000000f0c80000)
 ParOldGen       total 165376K, used 57841K [0x00000000a0000000, 0x00000000aa180000, 0x00000000e0000000)
  object space 165376K, 34% used [0x00000000a0000000,0x00000000a387c7d0,0x00000000aa180000)
 Metaspace       used 57147K, capacity 59024K, committed 59136K, reserved 1099776K
  class space    used 7517K, capacity 7931K, committed 7936K, reserved 1048576K
}
Event: 30.818 GC heap before
{Heap before GC invocations=15 (full 3):
 PSYoungGen      total 185344K, used 157696K [0x00000000e0000000, 0x00000000f0c80000, 0x0000000100000000)
  eden space 157696K, 100% used [0x00000000e0000000,0x00000000e9a00000,0x00000000e9a00000)
  from space 27648K, 0% used [0x00000000e9a00000,0x00000000e9a00000,0x00000000eb500000)
  to   space 26112K, 0% used [0x00000000ef300000,0x00000000ef300000,0x00000000f0c80000)
 ParOldGen       total 165376K, used 57841K [0x00000000a0000000, 0x00000000aa180000, 0x00000000e0000000)
  object space 165376K, 34% used [0x00000000a0000000,0x00000000a387c7d0,0x00000000aa180000)
 Metaspace       used 64457K, capacity 66386K, committed 66560K, reserved 1107968K
  class space    used 8033K, capacity 8444K, committed 8448K, reserved 1048576K
Event: 30.834 GC heap after
Heap after GC invocations=15 (full 3):
 PSYoungGen      total 220160K, used 11306K [0x00000000e0000000, 0x00000000efe80000, 0x0000000100000000)
  eden space 208384K, 0% used [0x00000000e0000000,0x00000000e0000000,0x00000000ecb80000)
  from space 11776K, 96% used [0x00000000ef300000,0x00000000efe0a848,0x00000000efe80000)
  to   space 25088K, 0% used [0x00000000ecd80000,0x00000000ecd80000,0x00000000ee600000)
 ParOldGen       total 165376K, used 57849K [0x00000000a0000000, 0x00000000aa180000, 0x00000000e0000000)
  object space 165376K, 34% used [0x00000000a0000000,0x00000000a387e7d0,0x00000000aa180000)
 Metaspace       used 64457K, capacity 66386K, committed 66560K, reserved 1107968K
  class space    used 8033K, capacity 8444K, committed 8448K, reserved 1048576K
}
Event: 38.394 GC heap before
{Heap before GC invocations=16 (full 3):
 PSYoungGen      total 220160K, used 219690K [0x00000000e0000000, 0x00000000efe80000, 0x0000000100000000)
  eden space 208384K, 100% used [0x00000000e0000000,0x00000000ecb80000,0x00000000ecb80000)
  from space 11776K, 96% used [0x00000000ef300000,0x00000000efe0a848,0x00000000efe80000)
  to   space 25088K, 0% used [0x00000000ecd80000,0x00000000ecd80000,0x00000000ee600000)
 ParOldGen       total 165376K, used 57849K [0x00000000a0000000, 0x00000000aa180000, 0x00000000e0000000)
  object space 165376K, 34% used [0x00000000a0000000,0x00000000a387e7d0,0x00000000aa180000)
 Metaspace       used 66355K, capacity 68314K, committed 68480K, reserved 1110016K
  class space    used 8258K, capacity 8724K, committed 8832K, reserved 1048576K
Event: 38.436 GC heap after
Heap after GC invocations=16 (full 3):
 PSYoungGen      total 235520K, used 25088K [0x00000000e0000000, 0x00000000f4980000, 0x0000000100000000)
  eden space 210432K, 0% used [0x00000000e0000000,0x00000000e0000000,0x00000000ecd80000)
  from space 25088K, 100% used [0x00000000ecd80000,0x00000000ee600000,0x00000000ee600000)
  to   space 34304K, 0% used [0x00000000f2800000,0x00000000f2800000,0x00000000f4980000)
 ParOldGen       total 165376K, used 72587K [0x00000000a0000000, 0x00000000aa180000, 0x00000000e0000000)
  object space 165376K, 43% used [0x00000000a0000000,0x00000000a46e2c70,0x00000000aa180000)
 Metaspace       used 66355K, capacity 68314K, committed 68480K, reserved 1110016K
  class space    used 8258K, capacity 8724K, committed 8832K, reserved 1048576K
}
Event: 58.448 GC heap before
{Heap before GC invocations=17 (full 3):
 PSYoungGen      total 235520K, used 235520K [0x00000000e0000000, 0x00000000f4980000, 0x0000000100000000)
  eden space 210432K, 100% used [0x00000000e0000000,0x00000000ecd80000,0x00000000ecd80000)
  from space 25088K, 100% used [0x00000000ecd80000,0x00000000ee600000,0x00000000ee600000)
  to   space 34304K, 0% used [0x00000000f2800000,0x00000000f2800000,0x00000000f4980000)
 ParOldGen       total 165376K, used 72587K [0x00000000a0000000, 0x00000000aa180000, 0x00000000e0000000)
  object space 165376K, 43% used [0x00000000a0000000,0x00000000a46e2c70,0x00000000aa180000)
 Metaspace       used 69794K, capacity 72040K, committed 72064K, reserved 1112064K
  class space    used 8584K, capacity 9083K, committed 9088K, reserved 1048576K
Event: 58.486 GC heap after
Heap after GC invocations=17 (full 3):
 PSYoungGen      total 290816K, used 19643K [0x00000000e0000000, 0x00000000f4300000, 0x0000000100000000)
  eden space 263168K, 0% used [0x00000000e0000000,0x00000000e0000000,0x00000000f0100000)
  from space 27648K, 71% used [0x00000000f2800000,0x00000000f3b2ecc8,0x00000000f4300000)
  to   space 33792K, 0% used [0x00000000f0100000,0x00000000f0100000,0x00000000f2200000)
 ParOldGen       total 165376K, used 93905K [0x00000000a0000000, 0x00000000aa180000, 0x00000000e0000000)
  object space 165376K, 56% used [0x00000000a0000000,0x00000000a5bb46d0,0x00000000aa180000)
 Metaspace       used 69794K, capacity 72040K, committed 72064K, reserved 1112064K
  class space    used 8584K, capacity 9083K, committed 9088K, reserved 1048576K
}
Event: 124.245 GC heap before
{Heap before GC invocations=18 (full 3):
 PSYoungGen      total 290816K, used 282811K [0x00000000e0000000, 0x00000000f4300000, 0x0000000100000000)
  eden space 263168K, 100% used [0x00000000e0000000,0x00000000f0100000,0x00000000f0100000)
  from space 27648K, 71% used [0x00000000f2800000,0x00000000f3b2ecc8,0x00000000f4300000)
  to   space 33792K, 0% used [0x00000000f0100000,0x00000000f0100000,0x00000000f2200000)
 ParOldGen       total 165376K, used 93905K [0x00000000a0000000, 0x00000000aa180000, 0x00000000e0000000)
  object space 165376K, 56% used [0x00000000a0000000,0x00000000a5bb46d0,0x00000000aa180000)
 Metaspace       used 70139K, capacity 72368K, committed 72704K, reserved 1112064K
  class space    used 8596K, capacity 9103K, committed 9216K, reserved 1048576K
Event: 124.255 GC heap after
Heap after GC invocations=18 (full 3):
 PSYoungGen      total 296960K, used 6848K [0x00000000e0000000, 0x00000000f7900000, 0x0000000100000000)
  eden space 263168K, 0% used [0x00000000e0000000,0x00000000e0000000,0x00000000f0100000)
  from space 33792K, 20% used [0x00000000f0100000,0x00000000f07b0020,0x00000000f2200000)
  to   space 33792K, 0% used [0x00000000f5800000,0x00000000f5800000,0x00000000f7900000)
 ParOldGen       total 165376K, used 93913K [0x00000000a0000000, 0x00000000aa180000, 0x00000000e0000000)
  object space 165376K, 56% used [0x00000000a0000000,0x00000000a5bb66d0,0x00000000aa180000)
 Metaspace       used 70139K, capacity 72368K, committed 72704K, reserved 1112064K
  class space    used 8596K, capacity 9103K, committed 9216K, reserved 1048576K
}

